<?xml version="1.0" encoding="UTF-8"?>
<testsuite xmlns:xsi="http://www.w3.org/2001/XMLSchema-instance" xsi:schemaLocation="https://maven.apache.org/surefire/maven-surefire-plugin/xsd/surefire-test-report.xsd" name="com.pluralsight.bookstore.repository.BookRepositoryTest" time="2.433" tests="3" errors="0" skipped="0" failures="0">
  <properties>
[...]
</properties>
  <testcase name="create" classname="com.pluralsight.bookstore.repository.BookRepositoryTest" time="0.172"/>
  <testcase name="createInvalidBook" classname="com.pluralsight.bookstore.repository.BookRepositoryTest" time="0.031"/>
  <testcase name="findWithInvalidId" classname="com.pluralsight.bookstore.repository.BookRepositoryTest" time="0.047"/>
</testsuite>